<?xml version="1.0" encoding="UTF-8" ?>
<testsuite tests="3" failures="0" name="auction.service.AuctionMgrTest" time="18.262" errors="2" skipped="1">
  <properties>
[...]
</properties>
  <testcase classname="auction.service.AuctionMgrTest" name="newBid" time="0.296">
    <error type="java.lang.NullPointerException">java.lang.NullPointerException
	at auction.domain.User.addItem(User.java:63)
	at auction.domain.Item.&lt;init&gt;(Item.java:69)
	at auction.service.SellerMgr.offerItem(SellerMgr.java:26)
	at auction.service.AuctionMgrTest.newBid(AuctionMgrTest.java:94)
	at sun.reflect.NativeMethodAccessorImpl.invoke0(Native Method)
	at sun.reflect.NativeMethodAccessorImpl.invoke(NativeMethodAccessorImpl.java:62)
	at sun.reflect.DelegatingMethodAccessorImpl.invoke(DelegatingMethodAccessorImpl.java:43)
	at java.lang.reflect.Method.invoke(Method.java:483)
	at org.junit.runners.model.FrameworkMethod$1.runReflectiveCall(FrameworkMethod.java:47)
	at org.junit.internal.runners.model.ReflectiveCallable.run(ReflectiveCallable.java:12)
	at org.junit.runners.model.FrameworkMethod.invokeExplosively(FrameworkMethod.java:44)
	at org.junit.internal.runners.statements.InvokeMethod.evaluate(InvokeMethod.java:17)
	at org.junit.internal.runners.statements.RunBefores.evaluate(RunBefores.java:26)
	at org.junit.runners.ParentRunner.runLeaf(ParentRunner.java:271)
	at org.junit.runners.BlockJUnit4ClassRunner.runChild(BlockJUnit4ClassRunner.java:70)
	at org.junit.runners.BlockJUnit4ClassRunner.runChild(BlockJUnit4ClassRunner.java:50)
	at org.junit.runners.ParentRunner$3.run(ParentRunner.java:238)
	at org.junit.runners.ParentRunner$1.schedule(ParentRunner.java:63)
	at org.junit.runners.ParentRunner.runChildren(ParentRunner.java:236)
	at org.junit.runners.ParentRunner.access$000(ParentRunner.java:53)
	at org.junit.runners.ParentRunner$2.evaluate(ParentRunner.java:229)
	at org.junit.runners.ParentRunner.run(ParentRunner.java:309)
	at org.apache.maven.surefire.junit4.JUnit4TestSet.execute(JUnit4TestSet.java:53)
	at org.apache.maven.surefire.junit4.JUnit4Provider.executeTestSet(JUnit4Provider.java:123)
	at org.apache.maven.surefire.junit4.JUnit4Provider.invoke(JUnit4Provider.java:104)
	at sun.reflect.NativeMethodAccessorImpl.invoke0(Native Method)
	at sun.reflect.NativeMethodAccessorImpl.invoke(NativeMethodAccessorImpl.java:62)
	at sun.reflect.DelegatingMethodAccessorImpl.invoke(DelegatingMethodAccessorImpl.java:43)
	at java.lang.reflect.Method.invoke(Method.java:483)
	at org.apache.maven.surefire.util.ReflectionUtils.invokeMethodWithArray(ReflectionUtils.java:164)
	at org.apache.maven.surefire.booter.ProviderFactory$ProviderProxy.invoke(ProviderFactory.java:110)
	at org.apache.maven.surefire.booter.SurefireStarter.invokeProvider(SurefireStarter.java:175)
	at org.apache.maven.surefire.booter.SurefireStarter.runSuitesInProcessWhenForked(SurefireStarter.java:107)
	at org.apache.maven.surefire.booter.ForkedBooter.main(ForkedBooter.java:68)
</error>
    <system-out>[EL Config]: metadata: 2015-06-16 09:30:03.457--ServerSession(868737467)--Thread(Thread[main,5,main])--The access type for the persistent class [class auction.domain.Bid] is set to [FIELD].
[EL Config]: metadata: 2015-06-16 09:30:03.482--ServerSession(868737467)--Thread(Thread[main,5,main])--The target entity (reference) class for the many to one mapping element [field item] is being defaulted to: class auction.domain.Item.
[EL Config]: metadata: 2015-06-16 09:30:03.487--ServerSession(868737467)--Thread(Thread[main,5,main])--The target entity (reference) class for the many to one mapping element [field buyer] is being defaulted to: class auction.domain.User.
[EL Config]: metadata: 2015-06-16 09:30:03.488--ServerSession(868737467)--Thread(Thread[main,5,main])--The access type for the persistent class [class auction.domain.Item] is set to [FIELD].
[EL Config]: metadata: 2015-06-16 09:30:03.488--ServerSession(868737467)--Thread(Thread[main,5,main])--The target entity (reference) class for the many to one mapping element [field seller] is being defaulted to: class auction.domain.User.
[EL Config]: metadata: 2015-06-16 09:30:03.489--ServerSession(868737467)--Thread(Thread[main,5,main])--The target entity (reference) class for the one to one mapping element [field highest] is being defaulted to: class auction.domain.Bid.
[EL Config]: metadata: 2015-06-16 09:30:03.493--ServerSession(868737467)--Thread(Thread[main,5,main])--The target entity (reference) class for the one to many mapping element [field bids] is being defaulted to: class auction.domain.Bid.
[EL Config]: metadata: 2015-06-16 09:30:03.495--ServerSession(868737467)--Thread(Thread[main,5,main])--The target entity (reference) class for the many to one mapping element [field category] is being defaulted to: class auction.domain.Category.
[EL Config]: metadata: 2015-06-16 09:30:03.495--ServerSession(868737467)--Thread(Thread[main,5,main])--The access type for the persistent class [class auction.domain.User] is set to [FIELD].
[EL Config]: metadata: 2015-06-16 09:30:03.495--ServerSession(868737467)--Thread(Thread[main,5,main])--The target entity (reference) class for the one to many mapping element [field offeredItems] is being defaulted to: class auction.domain.Item.
[EL Config]: metadata: 2015-06-16 09:30:03.496--ServerSession(868737467)--Thread(Thread[main,5,main])--The target entity (reference) class for the one to many mapping element [field bids] is being defaulted to: class auction.domain.Bid.
[EL Config]: metadata: 2015-06-16 09:30:03.496--ServerSession(868737467)--Thread(Thread[main,5,main])--The access type for the persistent class [class auction.domain.Category] is set to [FIELD].
[EL Config]: metadata: 2015-06-16 09:30:03.496--ServerSession(868737467)--Thread(Thread[main,5,main])--The target entity (reference) class for the one to many mapping element [field items] is being defaulted to: class auction.domain.Item.
[EL Config]: metadata: 2015-06-16 09:30:03.497--ServerSession(868737467)--Thread(Thread[main,5,main])--The access type for the persistent class [class nl.fontys.util.Money] is set to [FIELD].
[EL Config]: metadata: 2015-06-16 09:30:03.498--ServerSession(868737467)--Thread(Thread[main,5,main])--The alias name for the entity class [class auction.domain.Bid] is being defaulted to: Bid.
[EL Config]: metadata: 2015-06-16 09:30:03.501--ServerSession(868737467)--Thread(Thread[main,5,main])--The table name for entity [class auction.domain.Bid] is being defaulted to: BID.
[EL Config]: metadata: 2015-06-16 09:30:03.518--ServerSession(868737467)--Thread(Thread[main,5,main])--The column name for element [cents] is being defaulted to: CENTS.
[EL Config]: metadata: 2015-06-16 09:30:03.519--ServerSession(868737467)--Thread(Thread[main,5,main])--The column name for element [currency] is being defaulted to: CURRENCY.
[EL Config]: metadata: 2015-06-16 09:30:03.519--ServerSession(868737467)--Thread(Thread[main,5,main])--The column name for element [id] is being defaulted to: ID.
[EL Config]: metadata: 2015-06-16 09:30:03.52--ServerSession(868737467)--Thread(Thread[main,5,main])--The column name for element [time] is being defaulted to: TIME.
[EL Config]: metadata: 2015-06-16 09:30:03.522--ServerSession(868737467)--Thread(Thread[main,5,main])--The alias name for the entity class [class auction.domain.Item] is being defaulted to: Item.
[EL Config]: metadata: 2015-06-16 09:30:03.523--ServerSession(868737467)--Thread(Thread[main,5,main])--The table name for entity [class auction.domain.Item] is being defaulted to: ITEM.
[EL Config]: metadata: 2015-06-16 09:30:03.523--ServerSession(868737467)--Thread(Thread[main,5,main])--The column name for element [description] is being defaulted to: DESCRIPTION.
[EL Config]: metadata: 2015-06-16 09:30:03.523--ServerSession(868737467)--Thread(Thread[main,5,main])--The column name for element [id] is being defaulted to: ID.
[EL Config]: metadata: 2015-06-16 09:30:03.524--ServerSession(868737467)--Thread(Thread[main,5,main])--The alias name for the entity class [class auction.domain.User] is being defaulted to: User.
[EL Config]: metadata: 2015-06-16 09:30:03.524--ServerSession(868737467)--Thread(Thread[main,5,main])--The table name for entity [class auction.domain.User] is being defaulted to: USER.
[EL Config]: metadata: 2015-06-16 09:30:03.524--ServerSession(868737467)--Thread(Thread[main,5,main])--The column name for element [email] is being defaulted to: EMAIL.
[EL Config]: metadata: 2015-06-16 09:30:03.525--ServerSession(868737467)--Thread(Thread[main,5,main])--The alias name for the entity class [class auction.domain.Category] is being defaulted to: Category.
[EL Config]: metadata: 2015-06-16 09:30:03.525--ServerSession(868737467)--Thread(Thread[main,5,main])--The table name for entity [class auction.domain.Category] is being defaulted to: CATEGORY.
[EL Config]: metadata: 2015-06-16 09:30:03.525--ServerSession(868737467)--Thread(Thread[main,5,main])--The column name for element [description] is being defaulted to: DESCRIPTION.
[EL Config]: metadata: 2015-06-16 09:30:03.541--ServerSession(868737467)--Thread(Thread[main,5,main])--The primary key column name for the mapping element [field item] is being defaulted to: ID.
[EL Config]: metadata: 2015-06-16 09:30:03.541--ServerSession(868737467)--Thread(Thread[main,5,main])--The foreign key column name for the mapping element [item] is being defaulted to: ITEM_ID.
[EL Config]: metadata: 2015-06-16 09:30:03.542--ServerSession(868737467)--Thread(Thread[main,5,main])--The primary key column name for the mapping element [field buyer] is being defaulted to: EMAIL.
[EL Config]: metadata: 2015-06-16 09:30:03.542--ServerSession(868737467)--Thread(Thread[main,5,main])--The foreign key column name for the mapping element [buyer] is being defaulted to: BUYER_EMAIL.
[EL Config]: metadata: 2015-06-16 09:30:03.543--ServerSession(868737467)--Thread(Thread[main,5,main])--The primary key column name for the mapping element [field seller] is being defaulted to: EMAIL.
[EL Config]: metadata: 2015-06-16 09:30:03.543--ServerSession(868737467)--Thread(Thread[main,5,main])--The foreign key column name for the mapping element [seller] is being defaulted to: SELLER_EMAIL.
[EL Config]: metadata: 2015-06-16 09:30:03.543--ServerSession(868737467)--Thread(Thread[main,5,main])--The primary key column name for the mapping element [field highest] is being defaulted to: ID.
[EL Config]: metadata: 2015-06-16 09:30:03.544--ServerSession(868737467)--Thread(Thread[main,5,main])--The foreign key column name for the mapping element [highest] is being defaulted to: HIGHEST_ID.
[EL Config]: metadata: 2015-06-16 09:30:03.544--ServerSession(868737467)--Thread(Thread[main,5,main])--The primary key column name for the mapping element [field category] is being defaulted to: DESCRIPTION.
[EL Config]: metadata: 2015-06-16 09:30:03.544--ServerSession(868737467)--Thread(Thread[main,5,main])--The foreign key column name for the mapping element [category] is being defaulted to: CATEGORY_DESCRIPTION.
[EL Info]: 2015-06-16 09:30:04.125--ServerSession(868737467)--Thread(Thread[main,5,main])--EclipseLink, version: Eclipse Persistence Services - 2.5.0.v20130507-3faac2b
[EL Fine]: connection: 2015-06-16 09:30:04.226--Thread(Thread[main,5,main])--Detected database platform: org.eclipse.persistence.platform.database.MySQLPlatform
[EL Config]: connection: 2015-06-16 09:30:04.237--ServerSession(868737467)--Connection(1901648626)--Thread(Thread[main,5,main])--connecting(DatabaseLogin(
	platform=&gt;MySQLPlatform
	user name=&gt; &quot;root&quot;
	datasource URL=&gt; &quot;jdbc:mysql://localhost:3306/se42?zeroDateTimeBehavior=convertToNull&quot;
))
[EL Config]: connection: 2015-06-16 09:30:04.245--ServerSession(868737467)--Connection(244190700)--Thread(Thread[main,5,main])--Connected: jdbc:mysql://localhost:3306/se42?zeroDateTimeBehavior=convertToNull
	User: root@localhost
	Database: MySQL  Version: 5.6.17
	Driver: MySQL-AB JDBC Driver  Version: mysql-connector-java-5.0.4 ( $Date: 2006-10-19 17:47:48 +0200 (Thu, 19 Oct 2006) $, $Revision: 5908 $ )
[EL Info]: connection: 2015-06-16 09:30:04.289--ServerSession(868737467)--Thread(Thread[main,5,main])--file:/C:/Users/Remi_Arts/Desktop/Maatwerk/SE42/Opdrachten/SE42/SE42-master/Webservice/auction_3/target/classes/_db login successful
[EL Fine]: sql: 2015-06-16 09:30:04.306--ServerSession(868737467)--Connection(244190700)--Thread(Thread[main,5,main])--ALTER TABLE ITEM DROP FOREIGN KEY FK_ITEM_CATEGORY_DESCRIPTION
[EL Fine]: sql: 2015-06-16 09:30:04.34--ServerSession(868737467)--Connection(244190700)--Thread(Thread[main,5,main])--ALTER TABLE ITEM DROP FOREIGN KEY FK_ITEM_SELLER_EMAIL
[EL Fine]: sql: 2015-06-16 09:30:04.346--ServerSession(868737467)--Connection(244190700)--Thread(Thread[main,5,main])--ALTER TABLE ITEM DROP FOREIGN KEY FK_ITEM_HIGHEST_ID
[EL Fine]: sql: 2015-06-16 09:30:04.352--ServerSession(868737467)--Connection(244190700)--Thread(Thread[main,5,main])--ALTER TABLE BID DROP FOREIGN KEY FK_BID_BUYER_EMAIL
[EL Fine]: sql: 2015-06-16 09:30:04.369--ServerSession(868737467)--Connection(244190700)--Thread(Thread[main,5,main])--ALTER TABLE BID DROP FOREIGN KEY FK_BID_ITEM_ID
[EL Fine]: sql: 2015-06-16 09:30:04.375--ServerSession(868737467)--Connection(244190700)--Thread(Thread[main,5,main])--DROP TABLE USER
[EL Fine]: sql: 2015-06-16 09:30:04.38--ServerSession(868737467)--Connection(244190700)--Thread(Thread[main,5,main])--DROP TABLE ITEM
[EL Fine]: sql: 2015-06-16 09:30:04.385--ServerSession(868737467)--Connection(244190700)--Thread(Thread[main,5,main])--DROP TABLE BID
[EL Fine]: sql: 2015-06-16 09:30:04.4--ServerSession(868737467)--Connection(244190700)--Thread(Thread[main,5,main])--DROP TABLE CATEGORY
[EL Fine]: sql: 2015-06-16 09:30:04.406--ServerSession(868737467)--Connection(244190700)--Thread(Thread[main,5,main])--CREATE TABLE USER (EMAIL VARCHAR(255) NOT NULL, PRIMARY KEY (EMAIL))
[EL Fine]: sql: 2015-06-16 09:30:04.418--ServerSession(868737467)--Connection(244190700)--Thread(Thread[main,5,main])--CREATE TABLE ITEM (ID BIGINT NOT NULL, DESCRIPTION VARCHAR(255), CATEGORY_DESCRIPTION VARCHAR(255), SELLER_EMAIL VARCHAR(255), HIGHEST_ID BIGINT, PRIMARY KEY (ID))
[EL Fine]: sql: 2015-06-16 09:30:04.441--ServerSession(868737467)--Connection(244190700)--Thread(Thread[main,5,main])--CREATE TABLE BID (ID BIGINT NOT NULL, TIME LONGBLOB, CENTS BIGINT, CURRENCY VARCHAR(255), BUYER_EMAIL VARCHAR(255), ITEM_ID BIGINT NOT NULL, PRIMARY KEY (ID))
[EL Fine]: sql: 2015-06-16 09:30:04.502--ServerSession(868737467)--Connection(244190700)--Thread(Thread[main,5,main])--CREATE TABLE CATEGORY (DESCRIPTION VARCHAR(255) NOT NULL, PRIMARY KEY (DESCRIPTION))
[EL Fine]: sql: 2015-06-16 09:30:04.559--ServerSession(868737467)--Connection(244190700)--Thread(Thread[main,5,main])--ALTER TABLE ITEM ADD CONSTRAINT FK_ITEM_CATEGORY_DESCRIPTION FOREIGN KEY (CATEGORY_DESCRIPTION) REFERENCES CATEGORY (DESCRIPTION)
[EL Fine]: sql: 2015-06-16 09:30:04.59--ServerSession(868737467)--Connection(244190700)--Thread(Thread[main,5,main])--ALTER TABLE ITEM ADD CONSTRAINT FK_ITEM_SELLER_EMAIL FOREIGN KEY (SELLER_EMAIL) REFERENCES USER (EMAIL)
[EL Fine]: sql: 2015-06-16 09:30:04.689--ServerSession(868737467)--Connection(244190700)--Thread(Thread[main,5,main])--ALTER TABLE ITEM ADD CONSTRAINT FK_ITEM_HIGHEST_ID FOREIGN KEY (HIGHEST_ID) REFERENCES BID (ID)
[EL Fine]: sql: 2015-06-16 09:30:04.826--ServerSession(868737467)--Connection(244190700)--Thread(Thread[main,5,main])--ALTER TABLE BID ADD CONSTRAINT FK_BID_BUYER_EMAIL FOREIGN KEY (BUYER_EMAIL) REFERENCES USER (EMAIL)
[EL Fine]: sql: 2015-06-16 09:30:05.537--ServerSession(868737467)--Connection(244190700)--Thread(Thread[main,5,main])--ALTER TABLE BID ADD CONSTRAINT FK_BID_ITEM_ID FOREIGN KEY (ITEM_ID) REFERENCES ITEM (ID)
[EL Config]: connection: 2015-06-16 09:30:20.687--ServerSession(868737467)--Connection(1054477035)--Thread(Thread[main,5,main])--connecting(DatabaseLogin(
	platform=&gt;MySQLPlatform
	user name=&gt; &quot;root&quot;
	datasource URL=&gt; &quot;jdbc:mysql://localhost:3306/se42?zeroDateTimeBehavior=convertToNull&quot;
))
[EL Config]: connection: 2015-06-16 09:30:20.693--ServerSession(868737467)--Connection(1668004795)--Thread(Thread[main,5,main])--Connected: jdbc:mysql://localhost:3306/se42?zeroDateTimeBehavior=convertToNull
	User: root@localhost
	Database: MySQL  Version: 5.6.17
	Driver: MySQL-AB JDBC Driver  Version: mysql-connector-java-5.0.4 ( $Date: 2006-10-19 17:47:48 +0200 (Thu, 19 Oct 2006) $, $Revision: 5908 $ )
[EL Fine]: sql: 2015-06-16 09:30:20.693--ServerSession(868737467)--Connection(1668004795)--Thread(Thread[main,5,main])--CREATE TABLE SEQUENCE (SEQ_NAME VARCHAR(50) NOT NULL, SEQ_COUNT DECIMAL(38), PRIMARY KEY (SEQ_NAME))
[EL Fine]: sql: 2015-06-16 09:30:20.694--ServerSession(868737467)--Thread(Thread[main,5,main])--SELECT 1
[EL Warning]: 2015-06-16 09:30:20.695--ServerSession(868737467)--Thread(Thread[main,5,main])--Exception [EclipseLink-4002] (Eclipse Persistence Services - 2.5.0.v20130507-3faac2b): org.eclipse.persistence.exceptions.DatabaseException
Internal Exception: com.mysql.jdbc.exceptions.MySQLSyntaxErrorException: Table &apos;sequence&apos; already exists
Error Code: 1050
Call: CREATE TABLE SEQUENCE (SEQ_NAME VARCHAR(50) NOT NULL, SEQ_COUNT DECIMAL(38), PRIMARY KEY (SEQ_NAME))
Query: DataModifyQuery(sql=&quot;CREATE TABLE SEQUENCE (SEQ_NAME VARCHAR(50) NOT NULL, SEQ_COUNT DECIMAL(38), PRIMARY KEY (SEQ_NAME))&quot;)
[EL Fine]: sql: 2015-06-16 09:30:20.698--ServerSession(868737467)--Connection(1668004795)--Thread(Thread[main,5,main])--DELETE FROM SEQUENCE WHERE SEQ_NAME = SEQ_GEN
[EL Fine]: sql: 2015-06-16 09:30:20.714--ServerSession(868737467)--Connection(1668004795)--Thread(Thread[main,5,main])--SELECT * FROM SEQUENCE WHERE SEQ_NAME = SEQ_GEN
[EL Fine]: sql: 2015-06-16 09:30:20.717--ServerSession(868737467)--Connection(1668004795)--Thread(Thread[main,5,main])--INSERT INTO SEQUENCE(SEQ_NAME, SEQ_COUNT) values (SEQ_GEN, 0)
before auc[EL Fine]: sql: 2015-06-16 09:30:20.774--ClientSession(730575236)--Connection(1668004795)--Thread(Thread[main,5,main])--SET FOREIGN_KEY_CHECKS=0;
[EL Fine]: sql: 2015-06-16 09:30:20.965--ClientSession(730575236)--Connection(1668004795)--Thread(Thread[main,5,main])--DELETE FROM USER
[EL Fine]: sql: 2015-06-16 09:30:20.97--ClientSession(730575236)--Connection(1668004795)--Thread(Thread[main,5,main])--DELETE FROM ITEM
[EL Fine]: sql: 2015-06-16 09:30:20.973--ClientSession(730575236)--Connection(1668004795)--Thread(Thread[main,5,main])--DELETE FROM CATEGORY
[EL Fine]: sql: 2015-06-16 09:30:20.975--ClientSession(730575236)--Connection(1668004795)--Thread(Thread[main,5,main])--DELETE FROM BID
[EL Fine]: sql: 2015-06-16 09:30:20.976--ClientSession(730575236)--Connection(1668004795)--Thread(Thread[main,5,main])--SET FOREIGN_KEY_CHECKS=1;
[EL Fine]: sql: 2015-06-16 09:30:20.988--ServerSession(868737467)--Connection(1668004795)--Thread(Thread[main,5,main])--SELECT EMAIL FROM USER WHERE (EMAIL = ?)
	bind =&gt; [ss2@nl]
[EL Fine]: sql: 2015-06-16 09:30:20.99--ServerSession(868737467)--Connection(1668004795)--Thread(Thread[main,5,main])--SELECT EMAIL FROM USER WHERE (EMAIL = ?)
	bind =&gt; [ss2@nl]
[EL Fine]: sql: 2015-06-16 09:30:20.993--ServerSession(868737467)--Connection(1668004795)--Thread(Thread[main,5,main])--SELECT EMAIL FROM USER WHERE (EMAIL = ?)
	bind =&gt; [bb@nl]
[EL Fine]: sql: 2015-06-16 09:30:20.994--ServerSession(868737467)--Connection(1668004795)--Thread(Thread[main,5,main])--SELECT EMAIL FROM USER WHERE (EMAIL = ?)
	bind =&gt; [bb@nl]
[EL Fine]: sql: 2015-06-16 09:30:20.995--ServerSession(868737467)--Connection(1668004795)--Thread(Thread[main,5,main])--SELECT EMAIL FROM USER WHERE (EMAIL = ?)
	bind =&gt; [bb2@nl]
[EL Fine]: sql: 2015-06-16 09:30:20.996--ServerSession(868737467)--Connection(1668004795)--Thread(Thread[main,5,main])--SELECT EMAIL FROM USER WHERE (EMAIL = ?)
	bind =&gt; [bb2@nl]
[EL Fine]: sql: 2015-06-16 09:30:21.007--ClientSession(1624510452)--Connection(1668004795)--Thread(Thread[main,5,main])--INSERT INTO CATEGORY (DESCRIPTION) VALUES (?)
	bind =&gt; [cat9]
ss2@nl
</system-out>
  </testcase>
  <testcase classname="auction.service.AuctionMgrTest" name="getItem" time="0.009">
    <error type="java.lang.NullPointerException">java.lang.NullPointerException
	at auction.domain.User.addItem(User.java:63)
	at auction.domain.Item.&lt;init&gt;(Item.java:69)
	at auction.service.SellerMgr.offerItem(SellerMgr.java:26)
	at auction.service.AuctionMgrTest.getItem(AuctionMgrTest.java:49)
	at sun.reflect.NativeMethodAccessorImpl.invoke0(Native Method)
	at sun.reflect.NativeMethodAccessorImpl.invoke(NativeMethodAccessorImpl.java:62)
	at sun.reflect.DelegatingMethodAccessorImpl.invoke(DelegatingMethodAccessorImpl.java:43)
	at java.lang.reflect.Method.invoke(Method.java:483)
	at org.junit.runners.model.FrameworkMethod$1.runReflectiveCall(FrameworkMethod.java:47)
	at org.junit.internal.runners.model.ReflectiveCallable.run(ReflectiveCallable.java:12)
	at org.junit.runners.model.FrameworkMethod.invokeExplosively(FrameworkMethod.java:44)
	at org.junit.internal.runners.statements.InvokeMethod.evaluate(InvokeMethod.java:17)
	at org.junit.internal.runners.statements.RunBefores.evaluate(RunBefores.java:26)
	at org.junit.runners.ParentRunner.runLeaf(ParentRunner.java:271)
	at org.junit.runners.BlockJUnit4ClassRunner.runChild(BlockJUnit4ClassRunner.java:70)
	at org.junit.runners.BlockJUnit4ClassRunner.runChild(BlockJUnit4ClassRunner.java:50)
	at org.junit.runners.ParentRunner$3.run(ParentRunner.java:238)
	at org.junit.runners.ParentRunner$1.schedule(ParentRunner.java:63)
	at org.junit.runners.ParentRunner.runChildren(ParentRunner.java:236)
	at org.junit.runners.ParentRunner.access$000(ParentRunner.java:53)
	at org.junit.runners.ParentRunner$2.evaluate(ParentRunner.java:229)
	at org.junit.runners.ParentRunner.run(ParentRunner.java:309)
	at org.apache.maven.surefire.junit4.JUnit4TestSet.execute(JUnit4TestSet.java:53)
	at org.apache.maven.surefire.junit4.JUnit4Provider.executeTestSet(JUnit4Provider.java:123)
	at org.apache.maven.surefire.junit4.JUnit4Provider.invoke(JUnit4Provider.java:104)
	at sun.reflect.NativeMethodAccessorImpl.invoke0(Native Method)
	at sun.reflect.NativeMethodAccessorImpl.invoke(NativeMethodAccessorImpl.java:62)
	at sun.reflect.DelegatingMethodAccessorImpl.invoke(DelegatingMethodAccessorImpl.java:43)
	at java.lang.reflect.Method.invoke(Method.java:483)
	at org.apache.maven.surefire.util.ReflectionUtils.invokeMethodWithArray(ReflectionUtils.java:164)
	at org.apache.maven.surefire.booter.ProviderFactory$ProviderProxy.invoke(ProviderFactory.java:110)
	at org.apache.maven.surefire.booter.SurefireStarter.invokeProvider(SurefireStarter.java:175)
	at org.apache.maven.surefire.booter.SurefireStarter.runSuitesInProcessWhenForked(SurefireStarter.java:107)
	at org.apache.maven.surefire.booter.ForkedBooter.main(ForkedBooter.java:68)
</error>
    <system-out>before auc[EL Fine]: sql: 2015-06-16 09:30:21.032--ClientSession(850429804)--Connection(1668004795)--Thread(Thread[main,5,main])--SET FOREIGN_KEY_CHECKS=0;
[EL Fine]: sql: 2015-06-16 09:30:21.032--ClientSession(850429804)--Connection(1668004795)--Thread(Thread[main,5,main])--DELETE FROM USER
[EL Fine]: sql: 2015-06-16 09:30:21.033--ClientSession(850429804)--Connection(1668004795)--Thread(Thread[main,5,main])--DELETE FROM ITEM
[EL Fine]: sql: 2015-06-16 09:30:21.034--ClientSession(850429804)--Connection(1668004795)--Thread(Thread[main,5,main])--DELETE FROM CATEGORY
[EL Fine]: sql: 2015-06-16 09:30:21.034--ClientSession(850429804)--Connection(1668004795)--Thread(Thread[main,5,main])--DELETE FROM BID
[EL Fine]: sql: 2015-06-16 09:30:21.035--ClientSession(850429804)--Connection(1668004795)--Thread(Thread[main,5,main])--SET FOREIGN_KEY_CHECKS=1;
[EL Fine]: sql: 2015-06-16 09:30:21.045--ServerSession(868737467)--Connection(1668004795)--Thread(Thread[main,5,main])--SELECT EMAIL FROM USER WHERE (EMAIL = ?)
	bind =&gt; [xx2@nl]
[EL Fine]: sql: 2015-06-16 09:30:21.046--ServerSession(868737467)--Connection(1668004795)--Thread(Thread[main,5,main])--SELECT EMAIL FROM USER WHERE (EMAIL = ?)
	bind =&gt; [xx2@nl]
[EL Fine]: sql: 2015-06-16 09:30:21.053--ClientSession(1185188034)--Connection(1668004795)--Thread(Thread[main,5,main])--INSERT INTO CATEGORY (DESCRIPTION) VALUES (?)
	bind =&gt; [cat2]
xx2@nl
</system-out>
  </testcase>
  <testcase classname="auction.service.AuctionMgrTest" name="findItemByDescription" time="0.265">
    <skipped/>
  </testcase>
</testsuite>