<?xml version="1.0" encoding="UTF-8" ?>
<testsuite tests="3" failures="0" name="auction.service.ItemsFromSellerTest" time="0.044" errors="3" skipped="0">
  <properties>
[...]
</properties>
  <testcase classname="auction.service.ItemsFromSellerTest" name="biDirectionalTest" time="0.001">
    <error type="java.lang.NullPointerException">java.lang.NullPointerException
	at auction.domain.User.addItem(User.java:63)
	at auction.domain.Item.&lt;init&gt;(Item.java:69)
	at auction.service.SellerMgr.offerItem(SellerMgr.java:26)
	at auction.service.ItemsFromSellerTest.biDirectionalTest(ItemsFromSellerTest.java:144)
	at sun.reflect.NativeMethodAccessorImpl.invoke0(Native Method)
	at sun.reflect.NativeMethodAccessorImpl.invoke(NativeMethodAccessorImpl.java:62)
	at sun.reflect.DelegatingMethodAccessorImpl.invoke(DelegatingMethodAccessorImpl.java:43)
	at java.lang.reflect.Method.invoke(Method.java:483)
	at org.junit.runners.model.FrameworkMethod$1.runReflectiveCall(FrameworkMethod.java:47)
	at org.junit.internal.runners.model.ReflectiveCallable.run(ReflectiveCallable.java:12)
	at org.junit.runners.model.FrameworkMethod.invokeExplosively(FrameworkMethod.java:44)
	at org.junit.internal.runners.statements.InvokeMethod.evaluate(InvokeMethod.java:17)
	at org.junit.internal.runners.statements.RunBefores.evaluate(RunBefores.java:26)
	at org.junit.runners.ParentRunner.runLeaf(ParentRunner.java:271)
	at org.junit.runners.BlockJUnit4ClassRunner.runChild(BlockJUnit4ClassRunner.java:70)
	at org.junit.runners.BlockJUnit4ClassRunner.runChild(BlockJUnit4ClassRunner.java:50)
	at org.junit.runners.ParentRunner$3.run(ParentRunner.java:238)
	at org.junit.runners.ParentRunner$1.schedule(ParentRunner.java:63)
	at org.junit.runners.ParentRunner.runChildren(ParentRunner.java:236)
	at org.junit.runners.ParentRunner.access$000(ParentRunner.java:53)
	at org.junit.runners.ParentRunner$2.evaluate(ParentRunner.java:229)
	at org.junit.runners.ParentRunner.run(ParentRunner.java:309)
	at org.apache.maven.surefire.junit4.JUnit4TestSet.execute(JUnit4TestSet.java:53)
	at org.apache.maven.surefire.junit4.JUnit4Provider.executeTestSet(JUnit4Provider.java:123)
	at org.apache.maven.surefire.junit4.JUnit4Provider.invoke(JUnit4Provider.java:104)
	at sun.reflect.NativeMethodAccessorImpl.invoke0(Native Method)
	at sun.reflect.NativeMethodAccessorImpl.invoke(NativeMethodAccessorImpl.java:62)
	at sun.reflect.DelegatingMethodAccessorImpl.invoke(DelegatingMethodAccessorImpl.java:43)
	at java.lang.reflect.Method.invoke(Method.java:483)
	at org.apache.maven.surefire.util.ReflectionUtils.invokeMethodWithArray(ReflectionUtils.java:164)
	at org.apache.maven.surefire.booter.ProviderFactory$ProviderProxy.invoke(ProviderFactory.java:110)
	at org.apache.maven.surefire.booter.SurefireStarter.invokeProvider(SurefireStarter.java:175)
	at org.apache.maven.surefire.booter.SurefireStarter.runSuitesInProcessWhenForked(SurefireStarter.java:107)
	at org.apache.maven.surefire.booter.ForkedBooter.main(ForkedBooter.java:68)
</error>
    <system-out>[EL Fine]: sql: 2015-06-16 09:30:21.076--ClientSession(1403495948)--Connection(1668004795)--Thread(Thread[main,5,main])--SET FOREIGN_KEY_CHECKS=0;
[EL Fine]: sql: 2015-06-16 09:30:21.077--ClientSession(1403495948)--Connection(1668004795)--Thread(Thread[main,5,main])--DELETE FROM USER
[EL Fine]: sql: 2015-06-16 09:30:21.077--ClientSession(1403495948)--Connection(1668004795)--Thread(Thread[main,5,main])--DELETE FROM ITEM
[EL Fine]: sql: 2015-06-16 09:30:21.078--ClientSession(1403495948)--Connection(1668004795)--Thread(Thread[main,5,main])--DELETE FROM CATEGORY
[EL Fine]: sql: 2015-06-16 09:30:21.078--ClientSession(1403495948)--Connection(1668004795)--Thread(Thread[main,5,main])--DELETE FROM BID
[EL Fine]: sql: 2015-06-16 09:30:21.079--ClientSession(1403495948)--Connection(1668004795)--Thread(Thread[main,5,main])--SET FOREIGN_KEY_CHECKS=1;
[EL Fine]: sql: 2015-06-16 09:30:21.081--ServerSession(868737467)--Connection(1668004795)--Thread(Thread[main,5,main])--SELECT EMAIL FROM USER WHERE (EMAIL = ?)
	bind =&gt; [aa@aa.xx]
[EL Fine]: sql: 2015-06-16 09:30:21.082--ServerSession(868737467)--Connection(1668004795)--Thread(Thread[main,5,main])--SELECT EMAIL FROM USER WHERE (EMAIL = ?)
	bind =&gt; [aa@aa.xx]
[EL Fine]: sql: 2015-06-16 09:30:21.083--ServerSession(868737467)--Connection(1668004795)--Thread(Thread[main,5,main])--SELECT EMAIL FROM USER WHERE (EMAIL = ?)
	bind =&gt; [bb@aa.xx]
[EL Fine]: sql: 2015-06-16 09:30:21.084--ServerSession(868737467)--Connection(1668004795)--Thread(Thread[main,5,main])--SELECT EMAIL FROM USER WHERE (EMAIL = ?)
	bind =&gt; [bb@aa.xx]
[EL Fine]: sql: 2015-06-16 09:30:21.092--ClientSession(2041742635)--Connection(1668004795)--Thread(Thread[main,5,main])--INSERT INTO CATEGORY (DESCRIPTION) VALUES (?)
	bind =&gt; [somedesc]
bb@aa.xx
</system-out>
  </testcase>
  <testcase classname="auction.service.ItemsFromSellerTest" name="numberOfOfferdItems" time="0.008">
    <error type="java.lang.NullPointerException">java.lang.NullPointerException
	at auction.domain.User.numberOfOfferdItems(User.java:58)
	at auction.service.ItemsFromSellerTest.numberOfOfferdItems(ItemsFromSellerTest.java:46)
	at sun.reflect.NativeMethodAccessorImpl.invoke0(Native Method)
	at sun.reflect.NativeMethodAccessorImpl.invoke(NativeMethodAccessorImpl.java:62)
	at sun.reflect.DelegatingMethodAccessorImpl.invoke(DelegatingMethodAccessorImpl.java:43)
	at java.lang.reflect.Method.invoke(Method.java:483)
	at org.junit.runners.model.FrameworkMethod$1.runReflectiveCall(FrameworkMethod.java:47)
	at org.junit.internal.runners.model.ReflectiveCallable.run(ReflectiveCallable.java:12)
	at org.junit.runners.model.FrameworkMethod.invokeExplosively(FrameworkMethod.java:44)
	at org.junit.internal.runners.statements.InvokeMethod.evaluate(InvokeMethod.java:17)
	at org.junit.internal.runners.statements.RunBefores.evaluate(RunBefores.java:26)
	at org.junit.runners.ParentRunner.runLeaf(ParentRunner.java:271)
	at org.junit.runners.BlockJUnit4ClassRunner.runChild(BlockJUnit4ClassRunner.java:70)
	at org.junit.runners.BlockJUnit4ClassRunner.runChild(BlockJUnit4ClassRunner.java:50)
	at org.junit.runners.ParentRunner$3.run(ParentRunner.java:238)
	at org.junit.runners.ParentRunner$1.schedule(ParentRunner.java:63)
	at org.junit.runners.ParentRunner.runChildren(ParentRunner.java:236)
	at org.junit.runners.ParentRunner.access$000(ParentRunner.java:53)
	at org.junit.runners.ParentRunner$2.evaluate(ParentRunner.java:229)
	at org.junit.runners.ParentRunner.run(ParentRunner.java:309)
	at org.apache.maven.surefire.junit4.JUnit4TestSet.execute(JUnit4TestSet.java:53)
	at org.apache.maven.surefire.junit4.JUnit4Provider.executeTestSet(JUnit4Provider.java:123)
	at org.apache.maven.surefire.junit4.JUnit4Provider.invoke(JUnit4Provider.java:104)
	at sun.reflect.NativeMethodAccessorImpl.invoke0(Native Method)
	at sun.reflect.NativeMethodAccessorImpl.invoke(NativeMethodAccessorImpl.java:62)
	at sun.reflect.DelegatingMethodAccessorImpl.invoke(DelegatingMethodAccessorImpl.java:43)
	at java.lang.reflect.Method.invoke(Method.java:483)
	at org.apache.maven.surefire.util.ReflectionUtils.invokeMethodWithArray(ReflectionUtils.java:164)
	at org.apache.maven.surefire.booter.ProviderFactory$ProviderProxy.invoke(ProviderFactory.java:110)
	at org.apache.maven.surefire.booter.SurefireStarter.invokeProvider(SurefireStarter.java:175)
	at org.apache.maven.surefire.booter.SurefireStarter.runSuitesInProcessWhenForked(SurefireStarter.java:107)
	at org.apache.maven.surefire.booter.ForkedBooter.main(ForkedBooter.java:68)
</error>
    <system-out>[EL Fine]: sql: 2015-06-16 09:30:21.328--ClientSession(130211746)--Connection(1668004795)--Thread(Thread[main,5,main])--SET FOREIGN_KEY_CHECKS=0;
[EL Fine]: sql: 2015-06-16 09:30:21.329--ClientSession(130211746)--Connection(1668004795)--Thread(Thread[main,5,main])--DELETE FROM USER
[EL Fine]: sql: 2015-06-16 09:30:21.33--ClientSession(130211746)--Connection(1668004795)--Thread(Thread[main,5,main])--DELETE FROM ITEM
[EL Fine]: sql: 2015-06-16 09:30:21.331--ClientSession(130211746)--Connection(1668004795)--Thread(Thread[main,5,main])--DELETE FROM CATEGORY
[EL Fine]: sql: 2015-06-16 09:30:21.332--ClientSession(130211746)--Connection(1668004795)--Thread(Thread[main,5,main])--DELETE FROM BID
[EL Fine]: sql: 2015-06-16 09:30:21.333--ClientSession(130211746)--Connection(1668004795)--Thread(Thread[main,5,main])--SET FOREIGN_KEY_CHECKS=1;
[EL Fine]: sql: 2015-06-16 09:30:21.336--ServerSession(868737467)--Connection(1668004795)--Thread(Thread[main,5,main])--SELECT EMAIL FROM USER WHERE (EMAIL = ?)
	bind =&gt; [ifu1@nl]
[EL Fine]: sql: 2015-06-16 09:30:21.337--ServerSession(868737467)--Connection(1668004795)--Thread(Thread[main,5,main])--SELECT EMAIL FROM USER WHERE (EMAIL = ?)
	bind =&gt; [ifu1@nl]
</system-out>
  </testcase>
  <testcase classname="auction.service.ItemsFromSellerTest" name="getItemsFromSeller" time="0.028">
    <error type="java.lang.NullPointerException">java.lang.NullPointerException
	at auction.domain.User.addItem(User.java:63)
	at auction.domain.Item.&lt;init&gt;(Item.java:69)
	at auction.service.SellerMgr.offerItem(SellerMgr.java:26)
	at auction.service.ItemsFromSellerTest.getItemsFromSeller(ItemsFromSellerTest.java:105)
	at sun.reflect.NativeMethodAccessorImpl.invoke0(Native Method)
	at sun.reflect.NativeMethodAccessorImpl.invoke(NativeMethodAccessorImpl.java:62)
	at sun.reflect.DelegatingMethodAccessorImpl.invoke(DelegatingMethodAccessorImpl.java:43)
	at java.lang.reflect.Method.invoke(Method.java:483)
	at org.junit.runners.model.FrameworkMethod$1.runReflectiveCall(FrameworkMethod.java:47)
	at org.junit.internal.runners.model.ReflectiveCallable.run(ReflectiveCallable.java:12)
	at org.junit.runners.model.FrameworkMethod.invokeExplosively(FrameworkMethod.java:44)
	at org.junit.internal.runners.statements.InvokeMethod.evaluate(InvokeMethod.java:17)
	at org.junit.internal.runners.statements.RunBefores.evaluate(RunBefores.java:26)
	at org.junit.runners.ParentRunner.runLeaf(ParentRunner.java:271)
	at org.junit.runners.BlockJUnit4ClassRunner.runChild(BlockJUnit4ClassRunner.java:70)
	at org.junit.runners.BlockJUnit4ClassRunner.runChild(BlockJUnit4ClassRunner.java:50)
	at org.junit.runners.ParentRunner$3.run(ParentRunner.java:238)
	at org.junit.runners.ParentRunner$1.schedule(ParentRunner.java:63)
	at org.junit.runners.ParentRunner.runChildren(ParentRunner.java:236)
	at org.junit.runners.ParentRunner.access$000(ParentRunner.java:53)
	at org.junit.runners.ParentRunner$2.evaluate(ParentRunner.java:229)
	at org.junit.runners.ParentRunner.run(ParentRunner.java:309)
	at org.apache.maven.surefire.junit4.JUnit4TestSet.execute(JUnit4TestSet.java:53)
	at org.apache.maven.surefire.junit4.JUnit4Provider.executeTestSet(JUnit4Provider.java:123)
	at org.apache.maven.surefire.junit4.JUnit4Provider.invoke(JUnit4Provider.java:104)
	at sun.reflect.NativeMethodAccessorImpl.invoke0(Native Method)
	at sun.reflect.NativeMethodAccessorImpl.invoke(NativeMethodAccessorImpl.java:62)
	at sun.reflect.DelegatingMethodAccessorImpl.invoke(DelegatingMethodAccessorImpl.java:43)
	at java.lang.reflect.Method.invoke(Method.java:483)
	at org.apache.maven.surefire.util.ReflectionUtils.invokeMethodWithArray(ReflectionUtils.java:164)
	at org.apache.maven.surefire.booter.ProviderFactory$ProviderProxy.invoke(ProviderFactory.java:110)
	at org.apache.maven.surefire.booter.SurefireStarter.invokeProvider(SurefireStarter.java:175)
	at org.apache.maven.surefire.booter.SurefireStarter.runSuitesInProcessWhenForked(SurefireStarter.java:107)
	at org.apache.maven.surefire.booter.ForkedBooter.main(ForkedBooter.java:68)
</error>
    <system-out>[EL Fine]: sql: 2015-06-16 09:30:21.352--ClientSession(1802188146)--Connection(1668004795)--Thread(Thread[main,5,main])--SET FOREIGN_KEY_CHECKS=0;
[EL Fine]: sql: 2015-06-16 09:30:21.354--ClientSession(1802188146)--Connection(1668004795)--Thread(Thread[main,5,main])--DELETE FROM USER
[EL Fine]: sql: 2015-06-16 09:30:21.356--ClientSession(1802188146)--Connection(1668004795)--Thread(Thread[main,5,main])--DELETE FROM ITEM
[EL Fine]: sql: 2015-06-16 09:30:21.357--ClientSession(1802188146)--Connection(1668004795)--Thread(Thread[main,5,main])--DELETE FROM CATEGORY
[EL Fine]: sql: 2015-06-16 09:30:21.358--ClientSession(1802188146)--Connection(1668004795)--Thread(Thread[main,5,main])--DELETE FROM BID
[EL Fine]: sql: 2015-06-16 09:30:21.359--ClientSession(1802188146)--Connection(1668004795)--Thread(Thread[main,5,main])--SET FOREIGN_KEY_CHECKS=1;
[EL Fine]: sql: 2015-06-16 09:30:21.367--ClientSession(940448009)--Connection(1668004795)--Thread(Thread[main,5,main])--INSERT INTO CATEGORY (DESCRIPTION) VALUES (?)
	bind =&gt; [cat2]
[EL Fine]: sql: 2015-06-16 09:30:21.37--ServerSession(868737467)--Connection(1668004795)--Thread(Thread[main,5,main])--SELECT EMAIL FROM USER WHERE (EMAIL = ?)
	bind =&gt; [ifu1@nl]
[EL Fine]: sql: 2015-06-16 09:30:21.371--ServerSession(868737467)--Connection(1668004795)--Thread(Thread[main,5,main])--SELECT EMAIL FROM USER WHERE (EMAIL = ?)
	bind =&gt; [ifu1@nl]
ifu1@nl
</system-out>
  </testcase>
</testsuite>